[32m[Pascal][0m Running with ['cores', 'input', 'repetitions']
[32m[Pascal][0m Cores: 128 Input: 0 
[32m[Pascal][0m Total time 0.0057146549224853516
[32m[Pascal][0m Cores: 128 Input: 1 
[32m[Pascal][0m Total time 0.002725839614868164
[32m[Pascal][0m Cores: 128 Input: 2 
[32m[Pascal][0m Total time 0.002547740936279297
[32m[Pascal][0m Cores: 128 Input: 3 
[32m[Pascal][0m Total time 0.0024559497833251953
[32m[Pascal][0m Cores: 128 Input: 4 
[32m[Pascal][0m Total time 0.0025353431701660156
[32m[Pascal][0m Cores: 128 Input: 5 
[32m[Pascal][0m Total time 0.0024492740631103516
[32m[Pascal][0m Cores: 128 Input: 6 
[32m[Pascal][0m Total time 0.0024509429931640625
[32m[Pascal][0m Cores: 64 Input: 0 
[32m[Pascal][0m Total time 0.0024709701538085938
[32m[Pascal][0m Cores: 64 Input: 1 
[32m[Pascal][0m Total time 0.0024530887603759766
[32m[Pascal][0m Cores: 64 Input: 2 
[32m[Pascal][0m Total time 0.002460479736328125
[32m[Pascal][0m Cores: 64 Input: 3 
[32m[Pascal][0m Total time 0.0024509429931640625
[32m[Pascal][0m Cores: 64 Input: 4 
[32m[Pascal][0m Total time 0.0024483203887939453
[32m[Pascal][0m Cores: 64 Input: 5 
[32m[Pascal][0m Total time 0.0025169849395751953
[32m[Pascal][0m Cores: 64 Input: 6 
[32m[Pascal][0m Total time 0.0025925636291503906
[32m[Pascal][0m Cores: 32 Input: 0 
[32m[Pascal][0m Total time 0.002638578414916992
[32m[Pascal][0m Cores: 32 Input: 1 
[32m[Pascal][0m Total time 0.0025420188903808594
[32m[Pascal][0m Cores: 32 Input: 2 
[32m[Pascal][0m Total time 0.0035283565521240234
[32m[Pascal][0m Cores: 32 Input: 3 
[32m[Pascal][0m Total time 0.0030138492584228516
[32m[Pascal][0m Cores: 32 Input: 4 
[32m[Pascal][0m Total time 0.0025577545166015625
[32m[Pascal][0m Cores: 32 Input: 5 
[32m[Pascal][0m Total time 0.002527475357055664
[32m[Pascal][0m Cores: 32 Input: 6 
[32m[Pascal][0m Total time 0.0025959014892578125
[32m[Pascal][0m Cores: 16 Input: 0 
[32m[Pascal][0m Total time 0.0025484561920166016
[32m[Pascal][0m Cores: 16 Input: 1 
[32m[Pascal][0m Total time 0.002499818801879883
[32m[Pascal][0m Cores: 16 Input: 2 
[32m[Pascal][0m Total time 0.002437114715576172
[32m[Pascal][0m Cores: 16 Input: 3 
[32m[Pascal][0m Total time 0.0025207996368408203
[32m[Pascal][0m Cores: 16 Input: 4 
[32m[Pascal][0m Total time 0.0025289058685302734
[32m[Pascal][0m Cores: 16 Input: 5 
[32m[Pascal][0m Total time 0.00244140625
[32m[Pascal][0m Cores: 16 Input: 6 
[32m[Pascal][0m Total time 0.002496957778930664
[32m[Pascal][0m Cores: 8 Input: 0 
[32m[Pascal][0m Total time 0.0025043487548828125
[32m[Pascal][0m Cores: 8 Input: 1 
[32m[Pascal][0m Total time 0.0025510787963867188
[32m[Pascal][0m Cores: 8 Input: 2 
[32m[Pascal][0m Total time 0.0025103092193603516
[32m[Pascal][0m Cores: 8 Input: 3 
[32m[Pascal][0m Total time 0.0025000572204589844
[32m[Pascal][0m Cores: 8 Input: 4 
[32m[Pascal][0m Total time 0.002484560012817383
[32m[Pascal][0m Cores: 8 Input: 5 
[32m[Pascal][0m Total time 0.002503633499145508
[32m[Pascal][0m Cores: 8 Input: 6 
[32m[Pascal][0m Total time 0.0024628639221191406
[32m[Pascal][0m Cores: 4 Input: 0 
[32m[Pascal][0m Total time 0.0024406909942626953
[32m[Pascal][0m Cores: 4 Input: 1 
[32m[Pascal][0m Total time 0.003392934799194336
[32m[Pascal][0m Cores: 4 Input: 2 
[32m[Pascal][0m Total time 0.0032019615173339844
[32m[Pascal][0m Cores: 4 Input: 3 
[32m[Pascal][0m Total time 0.0031251907348632812
[32m[Pascal][0m Cores: 4 Input: 4 
[32m[Pascal][0m Total time 0.0032045841217041016
[32m[Pascal][0m Cores: 4 Input: 5 
[32m[Pascal][0m Total time 0.0031633377075195312
[32m[Pascal][0m Cores: 4 Input: 6 
[32m[Pascal][0m Total time 0.0029954910278320312
[32m[Pascal][0m Cores: 2 Input: 0 
[32m[Pascal][0m Total time 0.002959012985229492
[32m[Pascal][0m Cores: 2 Input: 1 
[32m[Pascal][0m Total time 0.0031189918518066406
[32m[Pascal][0m Cores: 2 Input: 2 
[32m[Pascal][0m Total time 0.003122568130493164
[32m[Pascal][0m Cores: 2 Input: 3 
[32m[Pascal][0m Total time 0.002955913543701172
[32m[Pascal][0m Cores: 2 Input: 4 
[32m[Pascal][0m Total time 0.003034830093383789
[32m[Pascal][0m Cores: 2 Input: 5 
[32m[Pascal][0m Total time 0.003134489059448242
[32m[Pascal][0m Cores: 2 Input: 6 
[32m[Pascal][0m Total time 0.0030965805053710938
[32m[Pascal][0m Cores: 1 Input: 0 
[32m[Pascal][0m Total time 0.0030412673950195312
[32m[Pascal][0m Cores: 1 Input: 1 
[32m[Pascal][0m Total time 0.0030248165130615234
[32m[Pascal][0m Cores: 1 Input: 2 
[32m[Pascal][0m Total time 0.0031843185424804688
[32m[Pascal][0m Cores: 1 Input: 3 
[32m[Pascal][0m Total time 0.0029997825622558594
[32m[Pascal][0m Cores: 1 Input: 4 
[32m[Pascal][0m Total time 0.0030121803283691406
[32m[Pascal][0m Cores: 1 Input: 5 
[32m[Pascal][0m Total time 0.003254413604736328
[32m[Pascal][0m Cores: 1 Input: 6 
[32m[Pascal][0m Total time 0.003025531768798828
[32m[Pascal][0m ***** Done! *****
[32m[Pascal][0m Saving data
